-------------------------------------------------------------------------------
Test set: com.example.demo.CursoApplicationTests
-------------------------------------------------------------------------------
Tests run: 1, Failures: 0, Errors: 1, Skipped: 0, Time elapsed: 6.607 s <<< FAILURE! - in com.example.demo.CursoApplicationTests
contextLoads  Time elapsed: 0.011 s  <<< ERROR!
java.lang.IllegalStateException: Failed to load ApplicationContext
Caused by: org.springframework.beans.factory.BeanCreationException: Error creating bean with name 'entityManagerFactory' defined in class path resource [org/springframework/boot/autoconfigure/orm/jpa/HibernateJpaConfiguration.class]: Invocation of init method failed; nested exception is java.lang.NullPointerException: Cannot read the array length because "<local1>" is null
Caused by: java.lang.NullPointerException: Cannot read the array length because "<local1>" is null

